<?xml version="1.0" encoding="UTF-8"?>
<!-- Generated by org.testng.reporters.JUnitXMLReporter -->
<testsuite ignored="1" hostname="Exaltare-Techno" failures="0" tests="2" name="Car Loan Web" time="0.089" errors="0" timestamp="2025-04-02T20:04:42 IST">
  <testcase classname="test.Class_3" name="LoginAPI" time="0.004"/>
  <testcase classname="test.Class_3" name="Weblogin" time="0.013"/>
  <testcase classname="test.Class_3" name="MbileLogin" time="0.0">
    <ignored/>
  </testcase> <!-- MbileLogin -->
</testsuite> <!-- Car Loan Web -->
