<?xml version="1.0" encoding="UTF-8"?>
<!-- Generated by org.testng.reporters.JUnitXMLReporter -->
<testsuite ignored="0" hostname="Exaltare-Techno" failures="0" tests="3" name="Home Loan" time="0.093" errors="0" timestamp="2025-04-02T20:04:42 IST">
  <testcase classname="test.Class_4" name="HomeLoginAPI" time="0.015"/>
  <testcase classname="test.Class_4" name="HomeMbileLogin" time="0.027"/>
  <testcase classname="test.Class_4" name="HomeWeblogin" time="0.015"/>
</testsuite> <!-- Home Loan -->
